2024-05-01 20:29:24,667:WARNING:
'cuml' is a soft dependency and not included in the pycaret installation. Please run: `pip install cuml` to install.
2024-05-01 20:29:24,668:WARNING:
'cuml' is a soft dependency and not included in the pycaret installation. Please run: `pip install cuml` to install.
2024-05-01 20:29:24,668:WARNING:
'cuml' is a soft dependency and not included in the pycaret installation. Please run: `pip install cuml` to install.
2024-05-01 20:29:24,668:WARNING:
'cuml' is a soft dependency and not included in the pycaret installation. Please run: `pip install cuml` to install.
2024-05-01 20:29:26,321:INFO:PyCaret ClusteringExperiment
2024-05-01 20:29:26,321:INFO:Logging name: cluster-default-name
2024-05-01 20:29:26,322:INFO:ML Usecase: MLUsecase.CLUSTERING
2024-05-01 20:29:26,322:INFO:version 3.3.2
2024-05-01 20:29:26,322:INFO:Initializing setup()
2024-05-01 20:29:26,322:INFO:self.USI: d4ea
2024-05-01 20:29:26,322:INFO:self._variable_keys: {'idx', 'pipeline', 'memory', 'USI', 'logging_param', 'data', 'n_jobs_param', 'gpu_n_jobs_param', 'X', 'exp_name_log', '_available_plots', 'html_param', '_ml_usecase', 'seed', 'log_plots_param', 'exp_id', 'gpu_param'}
2024-05-01 20:29:26,322:INFO:Checking environment
2024-05-01 20:29:26,322:INFO:python_version: 3.11.7
2024-05-01 20:29:26,322:INFO:python_build: ('main', 'Dec 15 2023 18:05:47')
2024-05-01 20:29:26,322:INFO:machine: AMD64
2024-05-01 20:29:26,322:INFO:platform: Windows-10-10.0.22631-SP0
2024-05-01 20:29:26,323:INFO:Memory: svmem(total=34219233280, available=18200465408, percent=46.8, used=16018767872, free=18200465408)
2024-05-01 20:29:26,323:INFO:Physical Core: 6
2024-05-01 20:29:26,323:INFO:Logical Core: 6
2024-05-01 20:29:26,323:INFO:Checking libraries
2024-05-01 20:29:26,323:INFO:System:
2024-05-01 20:29:26,323:INFO:    python: 3.11.7 | packaged by Anaconda, Inc. | (main, Dec 15 2023, 18:05:47) [MSC v.1916 64 bit (AMD64)]
2024-05-01 20:29:26,323:INFO:executable: c:\Users\ferna\anaconda3\python.exe
2024-05-01 20:29:26,323:INFO:   machine: Windows-10-10.0.22631-SP0
2024-05-01 20:29:26,323:INFO:PyCaret required dependencies:
2024-05-01 20:29:28,430:INFO:                 pip: 23.3.1
2024-05-01 20:29:28,431:INFO:          setuptools: 68.2.2
2024-05-01 20:29:28,431:INFO:             pycaret: 3.3.2
2024-05-01 20:29:28,431:INFO:             IPython: 8.20.0
2024-05-01 20:29:28,431:INFO:          ipywidgets: 7.6.5
2024-05-01 20:29:28,432:INFO:                tqdm: 4.65.0
2024-05-01 20:29:28,432:INFO:               numpy: 1.26.4
2024-05-01 20:29:28,432:INFO:              pandas: 2.1.4
2024-05-01 20:29:28,432:INFO:              jinja2: 3.1.3
2024-05-01 20:29:28,432:INFO:               scipy: 1.11.4
2024-05-01 20:29:28,432:INFO:              joblib: 1.1.1
2024-05-01 20:29:28,432:INFO:             sklearn: 1.4.2
2024-05-01 20:29:28,432:INFO:                pyod: 1.1.3
2024-05-01 20:29:28,432:INFO:            imblearn: 0.12.2
2024-05-01 20:29:28,432:INFO:   category_encoders: 2.6.3
2024-05-01 20:29:28,432:INFO:            lightgbm: 4.3.0
2024-05-01 20:29:28,432:INFO:               numba: 0.59.0
2024-05-01 20:29:28,432:INFO:            requests: 2.31.0
2024-05-01 20:29:28,432:INFO:          matplotlib: 3.7.5
2024-05-01 20:29:28,432:INFO:          scikitplot: 0.3.7
2024-05-01 20:29:28,432:INFO:         yellowbrick: 1.5
2024-05-01 20:29:28,433:INFO:              plotly: 5.22.0
2024-05-01 20:29:28,433:INFO:    plotly-resampler: Not installed
2024-05-01 20:29:28,433:INFO:             kaleido: 0.2.1
2024-05-01 20:29:28,433:INFO:           schemdraw: 0.15
2024-05-01 20:29:28,433:INFO:         statsmodels: 0.14.0
2024-05-01 20:29:28,433:INFO:              sktime: 0.26.0
2024-05-01 20:29:28,433:INFO:               tbats: 1.1.3
2024-05-01 20:29:28,433:INFO:            pmdarima: 2.0.4
2024-05-01 20:29:28,433:INFO:              psutil: 5.9.0
2024-05-01 20:29:28,433:INFO:          markupsafe: 2.1.3
2024-05-01 20:29:28,433:INFO:             pickle5: Not installed
2024-05-01 20:29:28,433:INFO:         cloudpickle: 2.2.1
2024-05-01 20:29:28,433:INFO:         deprecation: 2.1.0
2024-05-01 20:29:28,433:INFO:              xxhash: 3.4.1
2024-05-01 20:29:28,433:INFO:           wurlitzer: Not installed
2024-05-01 20:29:28,433:INFO:PyCaret optional dependencies:
2024-05-01 20:29:28,453:INFO:                shap: 0.44.1
2024-05-01 20:29:28,453:INFO:           interpret: 0.6.1
2024-05-01 20:29:28,453:INFO:                umap: 0.5.6
2024-05-01 20:29:28,453:INFO:     ydata_profiling: 4.7.0
2024-05-01 20:29:28,453:INFO:  explainerdashboard: 0.4.7
2024-05-01 20:29:28,453:INFO:             autoviz: Not installed
2024-05-01 20:29:28,455:INFO:           fairlearn: 0.7.0
2024-05-01 20:29:28,455:INFO:          deepchecks: Not installed
2024-05-01 20:29:28,455:INFO:             xgboost: Not installed
2024-05-01 20:29:28,455:INFO:            catboost: Not installed
2024-05-01 20:29:28,455:INFO:              kmodes: Not installed
2024-05-01 20:29:28,455:INFO:             mlxtend: Not installed
2024-05-01 20:29:28,455:INFO:       statsforecast: Not installed
2024-05-01 20:29:28,455:INFO:        tune_sklearn: Not installed
2024-05-01 20:29:28,455:INFO:                 ray: Not installed
2024-05-01 20:29:28,455:INFO:            hyperopt: Not installed
2024-05-01 20:29:28,455:INFO:              optuna: Not installed
2024-05-01 20:29:28,455:INFO:               skopt: Not installed
2024-05-01 20:29:28,455:INFO:              mlflow: Not installed
2024-05-01 20:29:28,455:INFO:              gradio: Not installed
2024-05-01 20:29:28,456:INFO:             fastapi: Not installed
2024-05-01 20:29:28,456:INFO:             uvicorn: Not installed
2024-05-01 20:29:28,456:INFO:              m2cgen: Not installed
2024-05-01 20:29:28,456:INFO:           evidently: Not installed
2024-05-01 20:29:28,456:INFO:               fugue: Not installed
2024-05-01 20:29:28,456:INFO:           streamlit: 1.30.0
2024-05-01 20:29:28,456:INFO:             prophet: Not installed
2024-05-01 20:29:28,456:INFO:None
2024-05-01 20:29:28,456:INFO:Set up data.
2024-05-01 20:29:28,462:INFO:Set up index.
2024-05-01 20:29:28,462:INFO:Assigning column types.
2024-05-01 20:29:28,470:INFO:Engine successfully changes for model 'kmeans' to 'sklearn'.
2024-05-01 20:29:28,470:INFO:Engine for model 'dbscan' has not been set explicitly, hence returning None.
2024-05-01 20:29:28,470:WARNING:
'kmodes' is a soft dependency and not included in the pycaret installation. Please run: `pip install kmodes` to install.
Alternately, you can install this by running `pip install pycaret[models]`
2024-05-01 20:29:28,470:INFO:Engine for model 'dbscan' has not been set explicitly, hence returning None.
2024-05-01 20:29:28,470:WARNING:
'kmodes' is a soft dependency and not included in the pycaret installation. Please run: `pip install kmodes` to install.
Alternately, you can install this by running `pip install pycaret[models]`
2024-05-01 20:29:28,471:INFO:Engine successfully changes for model 'dbscan' to 'sklearn'.
2024-05-01 20:29:28,471:WARNING:
'kmodes' is a soft dependency and not included in the pycaret installation. Please run: `pip install kmodes` to install.
Alternately, you can install this by running `pip install pycaret[models]`
2024-05-01 20:29:28,471:WARNING:
'kmodes' is a soft dependency and not included in the pycaret installation. Please run: `pip install kmodes` to install.
Alternately, you can install this by running `pip install pycaret[models]`
2024-05-01 20:29:28,474:INFO:Preparing preprocessing pipeline...
2024-05-01 20:29:28,475:INFO:Set up simple imputation.
2024-05-01 20:29:28,475:INFO:Set up feature normalization.
2024-05-01 20:29:28,510:INFO:Finished creating preprocessing pipeline.
2024-05-01 20:29:28,518:INFO:Pipeline: Pipeline(memory=FastMemory(location=C:\Users\ferna\AppData\Local\Temp\joblib),
         steps=[('numerical_imputer',
                 TransformerWrapper(include=['Age', 'Income', 'SpendingScore',
                                             'Savings'],
                                    transformer=SimpleImputer())),
                ('categorical_imputer',
                 TransformerWrapper(include=[],
                                    transformer=SimpleImputer(strategy='most_frequent'))),
                ('normalize', TransformerWrapper(transformer=RobustScaler()))])
2024-05-01 20:29:28,518:INFO:Creating final display dataframe.
2024-05-01 20:29:28,547:INFO:Setup _display_container:                Description                 Value
0               Session id                   123
1      Original data shape              (505, 4)
2   Transformed data shape              (505, 4)
3         Numeric features                     4
4               Preprocess                  True
5          Imputation type                simple
6       Numeric imputation                  mean
7   Categorical imputation                  mode
8                Normalize                  True
9         Normalize method                robust
10                CPU Jobs                    -1
11                 Use GPU                 False
12          Log Experiment                 False
13         Experiment Name  cluster-default-name
14                     USI                  d4ea
2024-05-01 20:29:28,560:WARNING:
'kmodes' is a soft dependency and not included in the pycaret installation. Please run: `pip install kmodes` to install.
Alternately, you can install this by running `pip install pycaret[models]`
2024-05-01 20:29:28,561:WARNING:
'kmodes' is a soft dependency and not included in the pycaret installation. Please run: `pip install kmodes` to install.
Alternately, you can install this by running `pip install pycaret[models]`
2024-05-01 20:29:28,561:INFO:setup() successfully completed in 2.25s...............
