2024-05-09 21:59:28,511:WARNING:
'cuml' is a soft dependency and not included in the pycaret installation. Please run: `pip install cuml` to install.
2024-05-09 21:59:28,511:WARNING:
'cuml' is a soft dependency and not included in the pycaret installation. Please run: `pip install cuml` to install.
2024-05-09 21:59:28,511:WARNING:
'cuml' is a soft dependency and not included in the pycaret installation. Please run: `pip install cuml` to install.
2024-05-09 21:59:28,511:WARNING:
'cuml' is a soft dependency and not included in the pycaret installation. Please run: `pip install cuml` to install.
2024-05-09 22:02:32,351:INFO:PyCaret ClusteringExperiment
2024-05-09 22:02:32,352:INFO:Logging name: cluster-default-name
2024-05-09 22:02:32,352:INFO:ML Usecase: MLUsecase.CLUSTERING
2024-05-09 22:02:32,352:INFO:version 3.3.2
2024-05-09 22:02:32,352:INFO:Initializing setup()
2024-05-09 22:02:32,352:INFO:self.USI: 0022
2024-05-09 22:02:32,352:INFO:self._variable_keys: {'html_param', 'seed', 'X', 'gpu_n_jobs_param', 'memory', 'exp_id', 'USI', 'idx', 'logging_param', 'data', 'log_plots_param', 'gpu_param', '_ml_usecase', 'exp_name_log', 'pipeline', 'n_jobs_param', '_available_plots'}
2024-05-09 22:02:32,352:INFO:Checking environment
2024-05-09 22:02:32,352:INFO:python_version: 3.10.14
2024-05-09 22:02:32,352:INFO:python_build: ('main', 'Mar 21 2024 16:20:14')
2024-05-09 22:02:32,352:INFO:machine: AMD64
2024-05-09 22:02:32,353:INFO:platform: Windows-10-10.0.22621-SP0
2024-05-09 22:02:32,357:INFO:Memory: svmem(total=34219233280, available=18895986688, percent=44.8, used=15323246592, free=18895986688)
2024-05-09 22:02:32,357:INFO:Physical Core: 6
2024-05-09 22:02:32,357:INFO:Logical Core: 6
2024-05-09 22:02:32,357:INFO:Checking libraries
2024-05-09 22:02:32,357:INFO:System:
2024-05-09 22:02:32,357:INFO:    python: 3.10.14 | packaged by Anaconda, Inc. | (main, Mar 21 2024, 16:20:14) [MSC v.1916 64 bit (AMD64)]
2024-05-09 22:02:32,357:INFO:executable: c:\Users\ferna\.conda\envs\pycaret-dev\python.exe
2024-05-09 22:02:32,358:INFO:   machine: Windows-10-10.0.22621-SP0
2024-05-09 22:02:32,358:INFO:PyCaret required dependencies:
2024-05-09 22:02:32,444:INFO:                 pip: 23.3.1
2024-05-09 22:02:32,444:INFO:          setuptools: 68.2.2
2024-05-09 22:02:32,444:INFO:             pycaret: 3.3.2
2024-05-09 22:02:32,444:INFO:             IPython: 8.22.2
2024-05-09 22:02:32,444:INFO:          ipywidgets: 8.1.2
2024-05-09 22:02:32,444:INFO:                tqdm: 4.66.4
2024-05-09 22:02:32,444:INFO:               numpy: 1.26.4
2024-05-09 22:02:32,444:INFO:              pandas: 2.1.4
2024-05-09 22:02:32,444:INFO:              jinja2: 3.1.3
2024-05-09 22:02:32,445:INFO:               scipy: 1.11.4
2024-05-09 22:02:32,445:INFO:              joblib: 1.3.2
2024-05-09 22:02:32,445:INFO:             sklearn: 1.4.2
2024-05-09 22:02:32,445:INFO:                pyod: 1.1.3
2024-05-09 22:02:32,445:INFO:            imblearn: 0.12.2
2024-05-09 22:02:32,445:INFO:   category_encoders: 2.6.3
2024-05-09 22:02:32,445:INFO:            lightgbm: 4.3.0
2024-05-09 22:02:32,445:INFO:               numba: 0.59.1
2024-05-09 22:02:32,445:INFO:            requests: 2.31.0
2024-05-09 22:02:32,445:INFO:          matplotlib: 3.7.5
2024-05-09 22:02:32,445:INFO:          scikitplot: 0.3.7
2024-05-09 22:02:32,445:INFO:         yellowbrick: 1.5
2024-05-09 22:02:32,445:INFO:              plotly: 5.22.0
2024-05-09 22:02:32,445:INFO:    plotly-resampler: Not installed
2024-05-09 22:02:32,445:INFO:             kaleido: 0.2.1
2024-05-09 22:02:32,446:INFO:           schemdraw: 0.15
2024-05-09 22:02:32,446:INFO:         statsmodels: 0.14.2
2024-05-09 22:02:32,446:INFO:              sktime: 0.26.0
2024-05-09 22:02:32,446:INFO:               tbats: 1.1.3
2024-05-09 22:02:32,446:INFO:            pmdarima: 2.0.4
2024-05-09 22:02:32,446:INFO:              psutil: 5.9.8
2024-05-09 22:02:32,446:INFO:          markupsafe: 2.1.5
2024-05-09 22:02:32,446:INFO:             pickle5: Not installed
2024-05-09 22:02:32,446:INFO:         cloudpickle: 3.0.0
2024-05-09 22:02:32,447:INFO:         deprecation: 2.1.0
2024-05-09 22:02:32,447:INFO:              xxhash: 3.4.1
2024-05-09 22:02:32,447:INFO:           wurlitzer: Not installed
2024-05-09 22:02:32,447:INFO:PyCaret optional dependencies:
2024-05-09 22:02:32,466:INFO:                shap: Not installed
2024-05-09 22:02:32,466:INFO:           interpret: Not installed
2024-05-09 22:02:32,466:INFO:                umap: Not installed
2024-05-09 22:02:32,466:INFO:     ydata_profiling: Not installed
2024-05-09 22:02:32,466:INFO:  explainerdashboard: Not installed
2024-05-09 22:02:32,466:INFO:             autoviz: Not installed
2024-05-09 22:02:32,466:INFO:           fairlearn: Not installed
2024-05-09 22:02:32,466:INFO:          deepchecks: Not installed
2024-05-09 22:02:32,466:INFO:             xgboost: Not installed
2024-05-09 22:02:32,466:INFO:            catboost: Not installed
2024-05-09 22:02:32,466:INFO:              kmodes: Not installed
2024-05-09 22:02:32,466:INFO:             mlxtend: Not installed
2024-05-09 22:02:32,467:INFO:       statsforecast: Not installed
2024-05-09 22:02:32,467:INFO:        tune_sklearn: Not installed
2024-05-09 22:02:32,467:INFO:                 ray: Not installed
2024-05-09 22:02:32,467:INFO:            hyperopt: Not installed
2024-05-09 22:02:32,467:INFO:              optuna: Not installed
2024-05-09 22:02:32,467:INFO:               skopt: Not installed
2024-05-09 22:02:32,467:INFO:              mlflow: 2.12.1
2024-05-09 22:02:32,467:INFO:              gradio: Not installed
2024-05-09 22:02:32,467:INFO:             fastapi: Not installed
2024-05-09 22:02:32,467:INFO:             uvicorn: Not installed
2024-05-09 22:02:32,467:INFO:              m2cgen: Not installed
2024-05-09 22:02:32,467:INFO:           evidently: Not installed
2024-05-09 22:02:32,467:INFO:               fugue: Not installed
2024-05-09 22:02:32,467:INFO:           streamlit: Not installed
2024-05-09 22:02:32,467:INFO:             prophet: Not installed
2024-05-09 22:02:32,467:INFO:None
2024-05-09 22:02:32,468:INFO:Set up data.
2024-05-09 22:02:32,833:INFO:Set up index.
2024-05-09 22:02:32,834:INFO:Assigning column types.
2024-05-09 22:02:33,085:INFO:Engine successfully changes for model 'kmeans' to 'sklearn'.
2024-05-09 22:02:33,086:INFO:Engine for model 'dbscan' has not been set explicitly, hence returning None.
2024-05-09 22:02:33,086:WARNING:
'kmodes' is a soft dependency and not included in the pycaret installation. Please run: `pip install kmodes` to install.
Alternately, you can install this by running `pip install pycaret[models]`
2024-05-09 22:02:33,086:INFO:Engine for model 'dbscan' has not been set explicitly, hence returning None.
2024-05-09 22:02:33,086:WARNING:
'kmodes' is a soft dependency and not included in the pycaret installation. Please run: `pip install kmodes` to install.
Alternately, you can install this by running `pip install pycaret[models]`
2024-05-09 22:02:33,086:INFO:Engine successfully changes for model 'dbscan' to 'sklearn'.
2024-05-09 22:02:33,087:WARNING:
'kmodes' is a soft dependency and not included in the pycaret installation. Please run: `pip install kmodes` to install.
Alternately, you can install this by running `pip install pycaret[models]`
2024-05-09 22:02:33,087:WARNING:
'kmodes' is a soft dependency and not included in the pycaret installation. Please run: `pip install kmodes` to install.
Alternately, you can install this by running `pip install pycaret[models]`
2024-05-09 22:02:33,089:INFO:Preparing preprocessing pipeline...
2024-05-09 22:02:33,089:INFO:Set up simple imputation.
2024-05-09 22:02:33,443:INFO:Set up encoding of ordinal features.
2024-05-09 22:02:33,618:INFO:Set up encoding of categorical features.
2024-05-09 22:03:09,167:INFO:Finished creating preprocessing pipeline.
2024-05-09 22:03:09,269:INFO:Pipeline: Pipeline(memory=FastMemory(location=C:\Users\ferna\AppData\Local\Temp\joblib),
         steps=[('numerical_imputer',
                 TransformerWrapper(include=['AGLOMERADO', 'AMBIENTES',
                                             'HABITACIONES', 'DORMITORIOS',
                                             'CANT_ESP_TRABAJO', 'CANT_DORM',
                                             'CANT_MIEMBROS', 'CANT_MEN10',
                                             'CANT_MAY10'],
                                    transformer=SimpleImputer())),
                ('categorical_imputer',
                 TransformerWrapper(include=['TIPO_V...
                                                                    'ESP_TRABAJO',
                                                                    'COCINA',
                                                                    'LAVADERO',
                                                                    'GARAGE',
                                                                    'DORMITORIO_EN_COC_LAV_GAR',
                                                                    'TRABAJA_EN_COC_LAV_GAR',
                                                                    'CANT_TRABAJA',
                                                                    'PROPIETARIO',
                                                                    'GAS',
                                                                    'BANO_EXCLUSIVO',
                                                                    'INGRESO_TRABAJO',
                                                                    'INGRESO_JUBILACION',
                                                                    'INGRESO_SEG_DESEMPLEO',
                                                                    'INGRESO_SUBSIDIO',
                                                                    'INGRESO_MERCADERIA_GOB',
                                                                    'INGRESO_MERCADERIA_VECINO',
                                                                    'INGRESO_ALQUILER', ...],
                                                              handle_missing='return_nan',
                                                              use_cat_names=True)))])
2024-05-09 22:03:09,270:INFO:Creating final display dataframe.
2024-05-09 22:03:34,841:INFO:Setup _display_container:                  Description                 Value
0                 Session id                 10001
1        Original data shape          (390616, 55)
2     Transformed data shape         (390616, 188)
3            Ignore features                     1
4           Numeric features                     9
5       Categorical features                    44
6   Rows with missing values                  0.0%
7                 Preprocess                  True
8            Imputation type                simple
9         Numeric imputation                  mean
10    Categorical imputation                  mode
11  Maximum one-hot encoding                    -1
12           Encoding method                  None
13                  CPU Jobs                    -1
14                   Use GPU                 False
15            Log Experiment                 False
16           Experiment Name  cluster-default-name
17                       USI                  0022
2024-05-09 22:03:34,865:WARNING:
'kmodes' is a soft dependency and not included in the pycaret installation. Please run: `pip install kmodes` to install.
Alternately, you can install this by running `pip install pycaret[models]`
2024-05-09 22:03:34,865:WARNING:
'kmodes' is a soft dependency and not included in the pycaret installation. Please run: `pip install kmodes` to install.
Alternately, you can install this by running `pip install pycaret[models]`
2024-05-09 22:03:34,866:INFO:setup() successfully completed in 62.57s...............
2024-05-09 22:03:34,885:INFO:Initializing create_model()
2024-05-09 22:03:34,885:INFO:create_model(self=<pycaret.clustering.oop.ClusteringExperiment object at 0x00000231ACE76920>, estimator=kmeans, num_clusters=4, fraction=0.05, ground_truth=None, round=4, fit_kwargs=None, experiment_custom_tags=None, verbose=True, system=True, add_to_model_list=True, raise_num_clusters=False, display=None, kwargs={})
2024-05-09 22:03:34,886:INFO:Checking exceptions
2024-05-09 22:03:35,679:INFO:Importing untrained model
2024-05-09 22:03:35,684:INFO:K-Means Clustering Imported successfully
2024-05-09 22:03:35,712:INFO:Fitting Model
2024-05-09 22:45:54,802:INFO:KMeans(n_clusters=4, random_state=10001)
2024-05-09 22:45:54,803:INFO:create_models() successfully completed......................................
2024-05-09 22:45:54,809:INFO:Uploading results into container
2024-05-09 22:45:54,811:INFO:Uploading model into container now
2024-05-09 22:45:54,821:INFO:_master_model_container: 1
2024-05-09 22:45:54,821:INFO:_display_container: 2
2024-05-09 22:45:54,821:INFO:KMeans(n_clusters=4, random_state=10001)
2024-05-09 22:45:54,821:INFO:create_model() successfully completed......................................
2024-05-09 22:45:54,977:INFO:Initializing plot_model()
2024-05-09 22:45:54,977:INFO:plot_model(plot=cluster, fold=None, verbose=True, display=None, display_format=None, estimator=KMeans(n_clusters=4, random_state=10001), feature_name=None, fit_kwargs=None, groups=None, label=False, plot_kwargs=None, save=False, scale=1, self=<pycaret.clustering.oop.ClusteringExperiment object at 0x00000231ACE76920>, system=True)
2024-05-09 22:45:54,977:INFO:Checking exceptions
2024-05-09 22:45:55,093:INFO:Preloading libraries
2024-05-09 22:45:55,094:INFO:Copying training dataset
2024-05-09 22:45:55,094:INFO:Plot type: cluster
2024-05-09 22:45:55,095:INFO:SubProcess assign_model() called ==================================
2024-05-09 22:45:55,096:INFO:Initializing assign_model()
2024-05-09 22:45:55,096:INFO:assign_model(self=<pycaret.clustering.oop.ClusteringExperiment object at 0x00000231ACE76920>, model=KMeans(n_clusters=4, random_state=10001), transformation=True, score=True, verbose=False)
2024-05-09 22:45:55,096:INFO:Checking exceptions
2024-05-09 22:45:55,096:INFO:Determining Trained Model
2024-05-09 22:45:55,097:INFO:Trained Model : K-Means Clustering
2024-05-09 22:45:55,097:INFO:Copying data
2024-05-09 22:45:56,055:INFO:Transformation parameter set to True. Assigned clusters are attached on transformed dataset.
2024-05-09 22:45:56,240:INFO:(390616, 189)
2024-05-09 22:45:56,240:INFO:assign_model() successfully completed......................................
2024-05-09 22:45:56,409:INFO:SubProcess assign_model() end ==================================
2024-05-09 22:45:56,883:INFO:Fitting PCA()
2024-05-09 22:45:59,483:INFO:Sorting dataframe
2024-05-09 22:45:59,803:INFO:Rendering Visual
2024-05-09 22:46:03,717:INFO:Visual Rendered Successfully
2024-05-09 22:46:03,860:INFO:plot_model() successfully completed......................................
2024-05-09 22:46:05,250:INFO:Initializing plot_model()
2024-05-09 22:46:05,251:INFO:plot_model(plot=cluster, fold=None, verbose=True, display=None, display_format=None, estimator=KMeans(n_clusters=4, random_state=10001), feature_name=POBREZA, fit_kwargs=None, groups=None, label=True, plot_kwargs=None, save=False, scale=1, self=<pycaret.clustering.oop.ClusteringExperiment object at 0x00000231ACE76920>, system=True)
2024-05-09 22:46:05,251:INFO:Checking exceptions
2024-05-09 22:46:05,335:INFO:Preloading libraries
2024-05-09 22:46:05,337:INFO:Copying training dataset
2024-05-09 22:46:05,337:INFO:Plot type: cluster
2024-05-09 22:46:05,337:INFO:SubProcess assign_model() called ==================================
2024-05-09 22:46:05,338:INFO:Initializing assign_model()
2024-05-09 22:46:05,338:INFO:assign_model(self=<pycaret.clustering.oop.ClusteringExperiment object at 0x00000231ACE76920>, model=KMeans(n_clusters=4, random_state=10001), transformation=True, score=True, verbose=False)
2024-05-09 22:46:05,338:INFO:Checking exceptions
2024-05-09 22:46:05,338:INFO:Determining Trained Model
2024-05-09 22:46:05,338:INFO:Trained Model : K-Means Clustering
2024-05-09 22:46:05,338:INFO:Copying data
2024-05-09 22:46:06,362:INFO:Transformation parameter set to True. Assigned clusters are attached on transformed dataset.
2024-05-09 22:46:06,553:INFO:(390616, 189)
2024-05-09 22:46:06,553:INFO:assign_model() successfully completed......................................
2024-05-09 22:46:06,714:INFO:SubProcess assign_model() end ==================================
2024-05-09 22:46:07,192:INFO:Fitting PCA()
2024-05-09 22:46:09,566:INFO:Sorting dataframe
2024-05-09 22:46:09,885:INFO:Rendering Visual
2024-05-09 22:46:11,665:INFO:Visual Rendered Successfully
2024-05-09 22:46:11,810:INFO:plot_model() successfully completed......................................
2024-05-09 22:53:42,633:INFO:Initializing plot_model()
2024-05-09 22:53:42,633:INFO:plot_model(plot=cluster, fold=None, verbose=True, display=None, display_format=None, estimator=KMeans(n_clusters=4, random_state=10001), feature_name=AGUA, fit_kwargs=None, groups=None, label=True, plot_kwargs=None, save=False, scale=1, self=<pycaret.clustering.oop.ClusteringExperiment object at 0x00000231ACE76920>, system=True)
2024-05-09 22:53:42,633:INFO:Checking exceptions
2024-05-09 22:53:42,731:INFO:Preloading libraries
2024-05-09 22:53:42,732:INFO:Copying training dataset
2024-05-09 22:53:42,732:INFO:Plot type: cluster
2024-05-09 22:53:42,733:INFO:SubProcess assign_model() called ==================================
2024-05-09 22:53:42,733:INFO:Initializing assign_model()
2024-05-09 22:53:42,733:INFO:assign_model(self=<pycaret.clustering.oop.ClusteringExperiment object at 0x00000231ACE76920>, model=KMeans(n_clusters=4, random_state=10001), transformation=True, score=True, verbose=False)
2024-05-09 22:53:42,733:INFO:Checking exceptions
2024-05-09 22:53:42,733:INFO:Determining Trained Model
2024-05-09 22:53:42,733:INFO:Trained Model : K-Means Clustering
2024-05-09 22:53:42,733:INFO:Copying data
2024-05-09 22:53:43,785:INFO:Transformation parameter set to True. Assigned clusters are attached on transformed dataset.
2024-05-09 22:53:43,993:INFO:(390616, 189)
2024-05-09 22:53:43,993:INFO:assign_model() successfully completed......................................
2024-05-09 22:53:44,203:INFO:SubProcess assign_model() end ==================================
2024-05-09 22:53:44,730:INFO:Fitting PCA()
2024-05-09 22:53:48,164:INFO:Sorting dataframe
2024-05-09 22:53:48,505:INFO:Rendering Visual
2024-05-09 22:53:50,593:INFO:Visual Rendered Successfully
2024-05-09 22:53:50,791:INFO:plot_model() successfully completed......................................
